
*** Running vivado
    with args -log Wrapper.vds -m64 -product Vivado -mode batch -messageDb vivado.pb -notrace -source Wrapper.tcl



****** Vivado v2025.2 (64-bit)
  **** SW Build 6299465 on Fri Nov 14 19:35:11 GMT 2025
  **** IP Build 6300035 on Fri Nov 14 10:48:45 MST 2025
  **** SharedData Build 6298862 on Thu Nov 13 04:50:51 MST 2025
  **** Start of session at: Sat Mar 28 01:27:49 2026
    ** Copyright 1986-2022 Xilinx, Inc. All Rights Reserved.
    ** Copyright 2022-2025 Advanced Micro Devices, Inc. All Rights Reserved.

source Wrapper.tcl -notrace
create_project: Time (s): cpu = 00:00:10 ; elapsed = 00:00:08 . Memory (MB): peak = 526.547 ; gain = 220.484
Command: read_checkpoint -auto_incremental -incremental C:/Users/rache/OneDrive/Desktop/Duke/ECE350/ece350_final_proj/project_1/project_1.srcs/utils_1/imports/synth_1/Wrapper.dcp
INFO: [Vivado 12-5825] Read reference checkpoint from C:/Users/rache/OneDrive/Desktop/Duke/ECE350/ece350_final_proj/project_1/project_1.srcs/utils_1/imports/synth_1/Wrapper.dcp for incremental synthesis
INFO: [Vivado 12-7989] Please ensure there are no constraint changes
Command: synth_design -top Wrapper -part xc7a100tcsg324-1
Starting synth_design
Attempting to get a license for feature 'Synthesis' and/or device 'xc7a100t'
INFO: [Common 17-349] Got license for feature 'Synthesis' and/or device 'xc7a100t'
INFO: [Device 21-403] Loading part xc7a100tcsg324-1
INFO: [Designutils 20-5440] No compile time benefit to using incremental synthesis; A full resynthesis will be run
INFO: [Designutils 20-4379] Flow is switching to default flow due to incremental criteria not met. If you would like to alter this behaviour and have the flow terminate instead, please set the following parameter config_implementation {autoIncr.Synth.RejectBehavior Terminate}
INFO: [Synth 8-7079] Multithreading enabled for synth_design using a maximum of 2 processes.
INFO: [Synth 8-7078] Launching helper process for spawning children vivado processes
INFO: [Synth 8-7075] Helper process launched with PID 40448
---------------------------------------------------------------------------------
Starting RTL Elaboration : Time (s): cpu = 00:00:06 ; elapsed = 00:00:06 . Memory (MB): peak = 1282.652 ; gain = 542.301
---------------------------------------------------------------------------------
INFO: [Synth 8-6157] synthesizing module 'Wrapper' [C:/Users/rache/OneDrive/Desktop/Duke/ECE350/ece350_final_proj/Vivado Timing files/Wrapper_timing.v:27]
INFO: [Synth 8-6157] synthesizing module 'clk_wiz_0' [C:/Users/rache/OneDrive/Desktop/Duke/ECE350/ece350_final_proj/project_1/project_1.runs/synth_1/.Xil/Vivado-33972-rachelsLaptop/realtime/clk_wiz_0_stub.v:6]
INFO: [Synth 8-6155] done synthesizing module 'clk_wiz_0' (0#1) [C:/Users/rache/OneDrive/Desktop/Duke/ECE350/ece350_final_proj/project_1/project_1.runs/synth_1/.Xil/Vivado-33972-rachelsLaptop/realtime/clk_wiz_0_stub.v:6]
INFO: [Synth 8-6157] synthesizing module 'processor' [C:/Users/rache/OneDrive/Desktop/Duke/ECE350/ece350_final_proj/rachel_processor/proc/processor.v:20]
INFO: [Synth 8-6157] synthesizing module 'add_sub' [C:/Users/rache/OneDrive/Desktop/Duke/ECE350/ece350_final_proj/rachel_processor/proc/alu.v:80]
INFO: [Synth 8-6157] synthesizing module 'cla32bit' [C:/Users/rache/OneDrive/Desktop/Duke/ECE350/ece350_final_proj/rachel_processor/proc/alu.v:232]
INFO: [Synth 8-6157] synthesizing module 'cla8bit' [C:/Users/rache/OneDrive/Desktop/Duke/ECE350/ece350_final_proj/rachel_processor/proc/alu.v:116]
INFO: [Synth 8-6155] done synthesizing module 'cla8bit' (0#1) [C:/Users/rache/OneDrive/Desktop/Duke/ECE350/ece350_final_proj/rachel_processor/proc/alu.v:116]
INFO: [Synth 8-6155] done synthesizing module 'cla32bit' (0#1) [C:/Users/rache/OneDrive/Desktop/Duke/ECE350/ece350_final_proj/rachel_processor/proc/alu.v:232]
INFO: [Synth 8-6155] done synthesizing module 'add_sub' (0#1) [C:/Users/rache/OneDrive/Desktop/Duke/ECE350/ece350_final_proj/rachel_processor/proc/alu.v:80]
INFO: [Synth 8-6157] synthesizing module 'mux2' [C:/Users/rache/OneDrive/Desktop/Duke/ECE350/ece350_final_proj/rachel_processor/proc/tFlipFlipAndMux.v:1]
	Parameter W bound to: 32 - type: integer 
INFO: [Synth 8-6155] done synthesizing module 'mux2' (0#1) [C:/Users/rache/OneDrive/Desktop/Duke/ECE350/ece350_final_proj/rachel_processor/proc/tFlipFlipAndMux.v:1]
INFO: [Synth 8-6157] synthesizing module 'alu' [C:/Users/rache/OneDrive/Desktop/Duke/ECE350/ece350_final_proj/rachel_processor/proc/alu.v:1]
INFO: [Synth 8-6157] synthesizing module 'decoder' [C:/Users/rache/OneDrive/Desktop/Duke/ECE350/ece350_final_proj/rachel_processor/proc/alu.v:25]
INFO: [Synth 8-6155] done synthesizing module 'decoder' (0#1) [C:/Users/rache/OneDrive/Desktop/Duke/ECE350/ece350_final_proj/rachel_processor/proc/alu.v:25]
INFO: [Synth 8-6157] synthesizing module 'and_or' [C:/Users/rache/OneDrive/Desktop/Duke/ECE350/ece350_final_proj/rachel_processor/proc/alu.v:67]
INFO: [Synth 8-6155] done synthesizing module 'and_or' (0#1) [C:/Users/rache/OneDrive/Desktop/Duke/ECE350/ece350_final_proj/rachel_processor/proc/alu.v:67]
INFO: [Synth 8-6157] synthesizing module 'barrelsll' [C:/Users/rache/OneDrive/Desktop/Duke/ECE350/ece350_final_proj/rachel_processor/proc/alu.v:272]
INFO: [Synth 8-6155] done synthesizing module 'barrelsll' (0#1) [C:/Users/rache/OneDrive/Desktop/Duke/ECE350/ece350_final_proj/rachel_processor/proc/alu.v:272]
INFO: [Synth 8-6157] synthesizing module 'barrelsra' [C:/Users/rache/OneDrive/Desktop/Duke/ECE350/ece350_final_proj/rachel_processor/proc/alu.v:287]
INFO: [Synth 8-6155] done synthesizing module 'barrelsra' (0#1) [C:/Users/rache/OneDrive/Desktop/Duke/ECE350/ece350_final_proj/rachel_processor/proc/alu.v:287]
INFO: [Synth 8-6157] synthesizing module 'signals' [C:/Users/rache/OneDrive/Desktop/Duke/ECE350/ece350_final_proj/rachel_processor/proc/alu.v:96]
INFO: [Synth 8-6155] done synthesizing module 'signals' (0#1) [C:/Users/rache/OneDrive/Desktop/Duke/ECE350/ece350_final_proj/rachel_processor/proc/alu.v:96]
INFO: [Synth 8-6157] synthesizing module 'final_result_mux' [C:/Users/rache/OneDrive/Desktop/Duke/ECE350/ece350_final_proj/rachel_processor/proc/alu.v:52]
INFO: [Synth 8-6155] done synthesizing module 'final_result_mux' (0#1) [C:/Users/rache/OneDrive/Desktop/Duke/ECE350/ece350_final_proj/rachel_processor/proc/alu.v:52]
INFO: [Synth 8-6155] done synthesizing module 'alu' (0#1) [C:/Users/rache/OneDrive/Desktop/Duke/ECE350/ece350_final_proj/rachel_processor/proc/alu.v:1]
INFO: [Synth 8-6157] synthesizing module 'multdiv' [C:/Users/rache/OneDrive/Desktop/Duke/ECE350/ece350_final_proj/rachel_processor/proc/multdiv.v:1]
INFO: [Synth 8-6157] synthesizing module 'tFlipFlop' [C:/Users/rache/OneDrive/Desktop/Duke/ECE350/ece350_final_proj/rachel_processor/proc/tFlipFlipAndMux.v:30]
INFO: [Synth 8-6157] synthesizing module 'dffe_ref' [C:/Users/rache/OneDrive/Desktop/Duke/ECE350/ece350_final_proj/rachel_processor/proc/dffe_ref.v:1]
INFO: [Synth 8-6155] done synthesizing module 'dffe_ref' (0#1) [C:/Users/rache/OneDrive/Desktop/Duke/ECE350/ece350_final_proj/rachel_processor/proc/dffe_ref.v:1]
INFO: [Synth 8-6155] done synthesizing module 'tFlipFlop' (0#1) [C:/Users/rache/OneDrive/Desktop/Duke/ECE350/ece350_final_proj/rachel_processor/proc/tFlipFlipAndMux.v:30]
INFO: [Synth 8-6157] synthesizing module 'register' [C:/Users/rache/OneDrive/Desktop/Duke/ECE350/ece350_final_proj/rachel_processor/proc/register.v:1]
	Parameter W bound to: 65 - type: integer 
INFO: [Synth 8-6155] done synthesizing module 'register' (0#1) [C:/Users/rache/OneDrive/Desktop/Duke/ECE350/ece350_final_proj/rachel_processor/proc/register.v:1]
INFO: [Synth 8-6157] synthesizing module 'div' [C:/Users/rache/OneDrive/Desktop/Duke/ECE350/ece350_final_proj/rachel_processor/proc/multdiv.v:111]
INFO: [Synth 8-6157] synthesizing module 'negate32' [C:/Users/rache/OneDrive/Desktop/Duke/ECE350/ece350_final_proj/rachel_processor/proc/multdiv.v:241]
INFO: [Synth 8-6155] done synthesizing module 'negate32' (0#1) [C:/Users/rache/OneDrive/Desktop/Duke/ECE350/ece350_final_proj/rachel_processor/proc/multdiv.v:241]
INFO: [Synth 8-6157] synthesizing module 'register__parameterized0' [C:/Users/rache/OneDrive/Desktop/Duke/ECE350/ece350_final_proj/rachel_processor/proc/register.v:1]
	Parameter W bound to: 32 - type: integer 
INFO: [Synth 8-6155] done synthesizing module 'register__parameterized0' (0#1) [C:/Users/rache/OneDrive/Desktop/Duke/ECE350/ece350_final_proj/rachel_processor/proc/register.v:1]
INFO: [Synth 8-6157] synthesizing module 'addsub33' [C:/Users/rache/OneDrive/Desktop/Duke/ECE350/ece350_final_proj/rachel_processor/proc/multdiv.v:248]
INFO: [Synth 8-6155] done synthesizing module 'addsub33' (0#1) [C:/Users/rache/OneDrive/Desktop/Duke/ECE350/ece350_final_proj/rachel_processor/proc/multdiv.v:248]
INFO: [Synth 8-6155] done synthesizing module 'div' (0#1) [C:/Users/rache/OneDrive/Desktop/Duke/ECE350/ece350_final_proj/rachel_processor/proc/multdiv.v:111]
INFO: [Synth 8-6155] done synthesizing module 'multdiv' (0#1) [C:/Users/rache/OneDrive/Desktop/Duke/ECE350/ece350_final_proj/rachel_processor/proc/multdiv.v:1]
INFO: [Synth 8-6157] synthesizing module 'register__parameterized1' [C:/Users/rache/OneDrive/Desktop/Duke/ECE350/ece350_final_proj/rachel_processor/proc/register.v:1]
	Parameter W bound to: 5 - type: integer 
INFO: [Synth 8-6155] done synthesizing module 'register__parameterized1' (0#1) [C:/Users/rache/OneDrive/Desktop/Duke/ECE350/ece350_final_proj/rachel_processor/proc/register.v:1]
INFO: [Synth 8-6157] synthesizing module 'register__parameterized2' [C:/Users/rache/OneDrive/Desktop/Duke/ECE350/ece350_final_proj/rachel_processor/proc/register.v:1]
	Parameter W bound to: 1 - type: integer 
INFO: [Synth 8-6155] done synthesizing module 'register__parameterized2' (0#1) [C:/Users/rache/OneDrive/Desktop/Duke/ECE350/ece350_final_proj/rachel_processor/proc/register.v:1]
INFO: [Synth 8-6155] done synthesizing module 'processor' (0#1) [C:/Users/rache/OneDrive/Desktop/Duke/ECE350/ece350_final_proj/rachel_processor/proc/processor.v:20]
INFO: [Synth 8-6157] synthesizing module 'ROM' [C:/Users/rache/OneDrive/Desktop/Duke/ECE350/ece350_final_proj/rachel_processor/proc/ROM.v:2]
	Parameter MEMFILE bound to: 80'b01110100011010010110110101101001011011100110011100101110011011010110010101101101 
INFO: [Synth 8-3876] $readmem data file 'timing.mem' is read successfully [C:/Users/rache/OneDrive/Desktop/Duke/ECE350/ece350_final_proj/rachel_processor/proc/ROM.v:11]
INFO: [Synth 8-6155] done synthesizing module 'ROM' (0#1) [C:/Users/rache/OneDrive/Desktop/Duke/ECE350/ece350_final_proj/rachel_processor/proc/ROM.v:2]
INFO: [Synth 8-6157] synthesizing module 'regfile' [C:/Users/rache/OneDrive/Desktop/Duke/ECE350/ece350_final_proj/rachel_processor/proc/regfile.v:1]
INFO: [Synth 8-6157] synthesizing module 'tristateBuffer' [C:/Users/rache/OneDrive/Desktop/Duke/ECE350/ece350_final_proj/rachel_processor/proc/regfile.v:49]
INFO: [Synth 8-6155] done synthesizing module 'tristateBuffer' (0#1) [C:/Users/rache/OneDrive/Desktop/Duke/ECE350/ece350_final_proj/rachel_processor/proc/regfile.v:49]
INFO: [Synth 8-6155] done synthesizing module 'regfile' (0#1) [C:/Users/rache/OneDrive/Desktop/Duke/ECE350/ece350_final_proj/rachel_processor/proc/regfile.v:1]
INFO: [Synth 8-6157] synthesizing module 'RAM' [C:/Users/rache/OneDrive/Desktop/Duke/ECE350/ece350_final_proj/rachel_processor/proc/RAM.v:2]
INFO: [Synth 8-6155] done synthesizing module 'RAM' (0#1) [C:/Users/rache/OneDrive/Desktop/Duke/ECE350/ece350_final_proj/rachel_processor/proc/RAM.v:2]
INFO: [Synth 8-6155] done synthesizing module 'Wrapper' (0#1) [C:/Users/rache/OneDrive/Desktop/Duke/ECE350/ece350_final_proj/Vivado Timing files/Wrapper_timing.v:27]
WARNING: [Synth 8-7129] Port is_add in module signals is either unconnected or has no load
WARNING: [Synth 8-7129] Port is_sub in module signals is either unconnected or has no load
---------------------------------------------------------------------------------
Finished RTL Elaboration : Time (s): cpu = 00:00:08 ; elapsed = 00:00:09 . Memory (MB): peak = 1423.742 ; gain = 683.391
---------------------------------------------------------------------------------
---------------------------------------------------------------------------------
Start Handling Custom Attributes
---------------------------------------------------------------------------------
---------------------------------------------------------------------------------
Finished Handling Custom Attributes : Time (s): cpu = 00:00:08 ; elapsed = 00:00:09 . Memory (MB): peak = 1423.742 ; gain = 683.391
---------------------------------------------------------------------------------
---------------------------------------------------------------------------------
Finished RTL Optimization Phase 1 : Time (s): cpu = 00:00:08 ; elapsed = 00:00:09 . Memory (MB): peak = 1423.742 ; gain = 683.391
---------------------------------------------------------------------------------
Netlist sorting complete. Time (s): cpu = 00:00:00 ; elapsed = 00:00:00.157 . Memory (MB): peak = 1423.742 ; gain = 0.000
INFO: [Project 1-570] Preparing netlist for logic optimization

Processing XDC Constraints
Initializing timing engine
Parsing XDC File [c:/Users/rache/OneDrive/Desktop/Duke/ECE350/ece350_final_proj/project_1/project_1.gen/sources_1/ip/clk_wiz_0_3/clk_wiz_0/clk_wiz_0_in_context.xdc] for cell 'pll'
Finished Parsing XDC File [c:/Users/rache/OneDrive/Desktop/Duke/ECE350/ece350_final_proj/project_1/project_1.gen/sources_1/ip/clk_wiz_0_3/clk_wiz_0/clk_wiz_0_in_context.xdc] for cell 'pll'
Parsing XDC File [C:/Users/rache/OneDrive/Desktop/Duke/ECE350/ece350_final_proj/Vivado Timing files/Nexys-A7-100T-Master.xdc]
Finished Parsing XDC File [C:/Users/rache/OneDrive/Desktop/Duke/ECE350/ece350_final_proj/Vivado Timing files/Nexys-A7-100T-Master.xdc]
INFO: [Project 1-236] Implementation specific constraints were found while reading constraint file [C:/Users/rache/OneDrive/Desktop/Duke/ECE350/ece350_final_proj/Vivado Timing files/Nexys-A7-100T-Master.xdc]. These constraints will be ignored for synthesis but will be used in implementation. Impacted constraints are listed in the file [.Xil/Wrapper_propImpl.xdc].
Resolution: To avoid this warning, move constraints listed in [.Xil/Wrapper_propImpl.xdc] to another XDC file and exclude this new file from synthesis with the used_in_synthesis property (File Properties dialog in GUI) and re-run elaboration/synthesis.
Completed Processing XDC Constraints

Netlist sorting complete. Time (s): cpu = 00:00:00 ; elapsed = 00:00:00.007 . Memory (MB): peak = 1506.363 ; gain = 0.000
INFO: [Project 1-111] Unisim Transformation Summary:
No Unisim elements were transformed.

Constraint Validation Runtime : Time (s): cpu = 00:00:00 ; elapsed = 00:00:00.068 . Memory (MB): peak = 1506.363 ; gain = 0.000
INFO: [Designutils 20-5440] No compile time benefit to using incremental synthesis; A full resynthesis will be run
INFO: [Designutils 20-4379] Flow is switching to default flow due to incremental criteria not met. If you would like to alter this behaviour and have the flow terminate instead, please set the following parameter config_implementation {autoIncr.Synth.RejectBehavior Terminate}
---------------------------------------------------------------------------------
Finished Constraint Validation : Time (s): cpu = 00:00:18 ; elapsed = 00:00:19 . Memory (MB): peak = 1506.363 ; gain = 766.012
---------------------------------------------------------------------------------
---------------------------------------------------------------------------------
Start Loading Part and Timing Information
---------------------------------------------------------------------------------
Loading part: xc7a100tcsg324-1
---------------------------------------------------------------------------------
Finished Loading Part and Timing Information : Time (s): cpu = 00:00:18 ; elapsed = 00:00:19 . Memory (MB): peak = 1506.363 ; gain = 766.012
---------------------------------------------------------------------------------
---------------------------------------------------------------------------------
Start Applying 'set_property' XDC Constraints
---------------------------------------------------------------------------------
---------------------------------------------------------------------------------
Finished applying 'set_property' XDC Constraints : Time (s): cpu = 00:00:18 ; elapsed = 00:00:19 . Memory (MB): peak = 1506.363 ; gain = 766.012
---------------------------------------------------------------------------------
---------------------------------------------------------------------------------
Finished RTL Optimization Phase 2 : Time (s): cpu = 00:00:19 ; elapsed = 00:00:21 . Memory (MB): peak = 1506.363 ; gain = 766.012
---------------------------------------------------------------------------------
---------------------------------------------------------------------------------
Start RTL Component Statistics 
---------------------------------------------------------------------------------
Detailed RTL Component Info : 
+---XORs : 
	   3 Input      1 Bit         XORs := 288   
	   2 Input      1 Bit         XORs := 293   
	   4 Input      1 Bit         XORs := 2     
+---Registers : 
	               32 Bit    Registers := 1     
	               17 Bit    Registers := 1     
	               16 Bit    Registers := 3     
	                1 Bit    Registers := 1810  
+---RAMs : 
	             128K Bit	(4096 X 32 bit)          RAMs := 1     
+---ROMs : 
	                    ROMs := 1     
+---Muxes : 
	   2 Input   65 Bit        Muxes := 4     
	   2 Input   33 Bit        Muxes := 1     
	   2 Input   32 Bit        Muxes := 67    
	   5 Input   27 Bit        Muxes := 1     
	   2 Input    5 Bit        Muxes := 12    
	   5 Input    5 Bit        Muxes := 2     
	   3 Input    3 Bit        Muxes := 1     
	   2 Input    1 Bit        Muxes := 9     
---------------------------------------------------------------------------------
Finished RTL Component Statistics 
---------------------------------------------------------------------------------
---------------------------------------------------------------------------------
Start Part Resource Summary
---------------------------------------------------------------------------------
Part Resources:
DSPs: 240 (col length:80)
BRAMs: 270 (col length: RAMB18 80 RAMB36 40)
---------------------------------------------------------------------------------
Finished Part Resource Summary
---------------------------------------------------------------------------------
---------------------------------------------------------------------------------
Start Cross Boundary and Area Optimization
---------------------------------------------------------------------------------
WARNING: [Synth 8-7129] Port is_add in module signals is either unconnected or has no load
WARNING: [Synth 8-7129] Port is_sub in module signals is either unconnected or has no load
---------------------------------------------------------------------------------
Finished Cross Boundary and Area Optimization : Time (s): cpu = 00:00:42 ; elapsed = 00:00:46 . Memory (MB): peak = 1617.293 ; gain = 876.941
---------------------------------------------------------------------------------
---------------------------------------------------------------------------------
Start ROM, RAM, DSP, Shift Register and Retiming Reporting
---------------------------------------------------------------------------------

ROM: Preliminary Mapping Report
+------------+---------------------+---------------+----------------+
|Module Name | RTL Object          | Depth x Width | Implemented As | 
+------------+---------------------+---------------+----------------+
|Wrapper     | InstMem/dataOut_reg | 4096x17       | Block RAM      | 
+------------+---------------------+---------------+----------------+


Block RAM: Preliminary Mapping Report (see note below)
+------------+-------------------------+------------------------+---+---+------------------------+---+---+------------------+--------+--------+
|Module Name | RTL Object              | PORT A (Depth x Width) | W | R | PORT B (Depth x Width) | W | R | Ports driving FF | RAMB18 | RAMB36 | 
+------------+-------------------------+------------------------+---+---+------------------------+---+---+------------------+--------+--------+
|Wrapper     | ProcMem/MemoryArray_reg | 4 K x 32(NO_CHANGE)    | W | R |                        |   |   | Port A           | 0      | 4      | 
+------------+-------------------------+------------------------+---+---+------------------------+---+---+------------------+--------+--------+

Note: The table above is a preliminary report that shows the Block RAMs at the current stage of the synthesis flow. Some Block RAMs may be reimplemented as non Block RAM primitives later in the synthesis flow. Multiple instantiated Block RAMs are reported only once. 
---------------------------------------------------------------------------------
Finished ROM, RAM, DSP, Shift Register and Retiming Reporting
---------------------------------------------------------------------------------
---------------------------------------------------------------------------------
Start Applying XDC Timing Constraints
---------------------------------------------------------------------------------
---------------------------------------------------------------------------------
Finished Applying XDC Timing Constraints : Time (s): cpu = 00:00:48 ; elapsed = 00:00:52 . Memory (MB): peak = 1641.941 ; gain = 901.590
---------------------------------------------------------------------------------
---------------------------------------------------------------------------------
Start Timing Optimization
---------------------------------------------------------------------------------
---------------------------------------------------------------------------------
Finished Timing Optimization : Time (s): cpu = 00:00:59 ; elapsed = 00:01:05 . Memory (MB): peak = 1833.824 ; gain = 1093.473
---------------------------------------------------------------------------------
---------------------------------------------------------------------------------
Start ROM, RAM, DSP, Shift Register and Retiming Reporting
---------------------------------------------------------------------------------

Block RAM: Final Mapping Report
+------------+-------------------------+------------------------+---+---+------------------------+---+---+------------------+--------+--------+
|Module Name | RTL Object              | PORT A (Depth x Width) | W | R | PORT B (Depth x Width) | W | R | Ports driving FF | RAMB18 | RAMB36 | 
+------------+-------------------------+------------------------+---+---+------------------------+---+---+------------------+--------+--------+
|Wrapper     | ProcMem/MemoryArray_reg | 4 K x 32(NO_CHANGE)    | W | R |                        |   |   | Port A           | 0      | 4      | 
+------------+-------------------------+------------------------+---+---+------------------------+---+---+------------------+--------+--------+

---------------------------------------------------------------------------------
Finished ROM, RAM, DSP, Shift Register and Retiming Reporting
---------------------------------------------------------------------------------
---------------------------------------------------------------------------------
Start Technology Mapping
---------------------------------------------------------------------------------
INFO: [Synth 8-7052] The timing for the instance ProcMem/MemoryArray_reg_0 (implemented as a Block RAM) might be sub-optimal as no optional output register could be merged into the ram block. Providing additional output register may help in improving timing.
INFO: [Synth 8-7052] The timing for the instance ProcMem/MemoryArray_reg_1 (implemented as a Block RAM) might be sub-optimal as no optional output register could be merged into the ram block. Providing additional output register may help in improving timing.
INFO: [Synth 8-7052] The timing for the instance ProcMem/MemoryArray_reg_2 (implemented as a Block RAM) might be sub-optimal as no optional output register could be merged into the ram block. Providing additional output register may help in improving timing.
INFO: [Synth 8-7052] The timing for the instance ProcMem/MemoryArray_reg_3 (implemented as a Block RAM) might be sub-optimal as no optional output register could be merged into the ram block. Providing additional output register may help in improving timing.
INFO: [Synth 8-7052] The timing for the instance InstMem/dataOut_reg_0 (implemented as a Block RAM) might be sub-optimal as no optional output register could be merged into the ram block. Providing additional output register may help in improving timing.
INFO: [Synth 8-7052] The timing for the instance InstMem/dataOut_reg_1 (implemented as a Block RAM) might be sub-optimal as no optional output register could be merged into the ram block. Providing additional output register may help in improving timing.
---------------------------------------------------------------------------------
Finished Technology Mapping : Time (s): cpu = 00:01:01 ; elapsed = 00:01:07 . Memory (MB): peak = 1843.910 ; gain = 1103.559
---------------------------------------------------------------------------------
---------------------------------------------------------------------------------
Start IO Insertion
---------------------------------------------------------------------------------
---------------------------------------------------------------------------------
Start Flattening Before IO Insertion
---------------------------------------------------------------------------------
---------------------------------------------------------------------------------
Finished Flattening Before IO Insertion
---------------------------------------------------------------------------------
---------------------------------------------------------------------------------
Start Final Netlist Cleanup
---------------------------------------------------------------------------------
---------------------------------------------------------------------------------
Finished Final Netlist Cleanup
---------------------------------------------------------------------------------
---------------------------------------------------------------------------------
Finished IO Insertion : Time (s): cpu = 00:01:05 ; elapsed = 00:01:11 . Memory (MB): peak = 1966.652 ; gain = 1226.301
---------------------------------------------------------------------------------
---------------------------------------------------------------------------------
Start Renaming Generated Instances
---------------------------------------------------------------------------------
---------------------------------------------------------------------------------
Finished Renaming Generated Instances : Time (s): cpu = 00:01:05 ; elapsed = 00:01:11 . Memory (MB): peak = 1966.652 ; gain = 1226.301
---------------------------------------------------------------------------------
---------------------------------------------------------------------------------
Start Rebuilding User Hierarchy
---------------------------------------------------------------------------------
---------------------------------------------------------------------------------
Finished Rebuilding User Hierarchy : Time (s): cpu = 00:01:06 ; elapsed = 00:01:12 . Memory (MB): peak = 1966.652 ; gain = 1226.301
---------------------------------------------------------------------------------
---------------------------------------------------------------------------------
Start Renaming Generated Ports
---------------------------------------------------------------------------------
---------------------------------------------------------------------------------
Finished Renaming Generated Ports : Time (s): cpu = 00:01:06 ; elapsed = 00:01:12 . Memory (MB): peak = 1966.652 ; gain = 1226.301
---------------------------------------------------------------------------------
---------------------------------------------------------------------------------
Start Handling Custom Attributes
---------------------------------------------------------------------------------
---------------------------------------------------------------------------------
Finished Handling Custom Attributes : Time (s): cpu = 00:01:06 ; elapsed = 00:01:12 . Memory (MB): peak = 1977.191 ; gain = 1236.840
---------------------------------------------------------------------------------
---------------------------------------------------------------------------------
Start Renaming Generated Nets
---------------------------------------------------------------------------------
---------------------------------------------------------------------------------
Finished Renaming Generated Nets : Time (s): cpu = 00:01:06 ; elapsed = 00:01:12 . Memory (MB): peak = 1977.191 ; gain = 1236.840
---------------------------------------------------------------------------------
---------------------------------------------------------------------------------
Start Writing Synthesis Report
---------------------------------------------------------------------------------

Report BlackBoxes: 
+------+--------------+----------+
|      |BlackBox name |Instances |
+------+--------------+----------+
|1     |clk_wiz_0     |         1|
+------+--------------+----------+

Report Cell Usage: 
+------+---------+------+
|      |Cell     |Count |
+------+---------+------+
|1     |clk_wiz  |     1|
|2     |BUFG     |     1|
|3     |LUT1     |     6|
|4     |LUT2     |   241|
|5     |LUT3     |   278|
|6     |LUT4     |   355|
|7     |LUT5     |   554|
|8     |LUT6     |  1706|
|9     |MUXF7    |     2|
|10    |RAMB36E1 |     6|
|13    |FDCE     |  1639|
|14    |FDRE     |    52|
|15    |IBUF     |    17|
|16    |OBUF     |    16|
+------+---------+------+
---------------------------------------------------------------------------------
Finished Writing Synthesis Report : Time (s): cpu = 00:01:06 ; elapsed = 00:01:12 . Memory (MB): peak = 1977.191 ; gain = 1236.840
---------------------------------------------------------------------------------
Synthesis finished with 0 errors, 0 critical warnings and 2 warnings.
Synthesis Optimization Runtime : Time (s): cpu = 00:00:54 ; elapsed = 00:01:08 . Memory (MB): peak = 1977.191 ; gain = 1154.219
Synthesis Optimization Complete : Time (s): cpu = 00:01:06 ; elapsed = 00:01:12 . Memory (MB): peak = 1977.191 ; gain = 1236.840
INFO: [Project 1-571] Translating synthesized netlist
Netlist sorting complete. Time (s): cpu = 00:00:00 ; elapsed = 00:00:00.102 . Memory (MB): peak = 1986.379 ; gain = 0.000
INFO: [Netlist 29-17] Analyzing 8 Unisim elements for replacement
INFO: [Netlist 29-28] Unisim Transformation completed in 0 CPU seconds
INFO: [Project 1-570] Preparing netlist for logic optimization
INFO: [Opt 31-138] Pushed 0 inverter(s) to 0 load pin(s).
Netlist sorting complete. Time (s): cpu = 00:00:00 ; elapsed = 00:00:00.005 . Memory (MB): peak = 1990.016 ; gain = 0.000
INFO: [Project 1-111] Unisim Transformation Summary:
No Unisim elements were transformed.

Synth Design complete | Checksum: 910f221d
INFO: [Common 17-83] Releasing license: Synthesis
84 Infos, 4 Warnings, 0 Critical Warnings and 0 Errors encountered.
synth_design completed successfully
synth_design: Time (s): cpu = 00:01:11 ; elapsed = 00:01:21 . Memory (MB): peak = 1990.016 ; gain = 1451.285
Write ShapeDB Complete: Time (s): cpu = 00:00:00 ; elapsed = 00:00:00.003 . Memory (MB): peak = 1990.016 ; gain = 0.000
INFO: [Common 17-1381] The checkpoint 'C:/Users/rache/OneDrive/Desktop/Duke/ECE350/ece350_final_proj/project_1/project_1.runs/synth_1/Wrapper.dcp' has been generated.
INFO: [Vivado 12-24828] Executing command : report_utilization -file Wrapper_utilization_synth.rpt -pb Wrapper_utilization_synth.pb
INFO: [Common 17-206] Exiting Vivado at Sat Mar 28 01:29:23 2026...
