Copyright 1986-2022 Xilinx, Inc. All Rights Reserved. Copyright 2022-2025 Advanced Micro Devices, Inc. All Rights Reserved.
-----------------------------------------------------------------------------------------------------------------------------------------------------------------------------------------------
| Tool Version : Vivado v.2025.2 (win64) Build 6299465 Fri Nov 14 19:35:11 GMT 2025
| Date         : Wed Apr 29 22:29:58 2026
| Host         : rachelsLaptop running 64-bit major release  (build 9200)
| Command      : report_methodology -file FinalProjectJRPaint_methodology_drc_routed.rpt -pb FinalProjectJRPaint_methodology_drc_routed.pb -rpx FinalProjectJRPaint_methodology_drc_routed.rpx
| Design       : FinalProjectJRPaint
| Device       : xc7a100tcsg324-1
| Speed File   : -1
| Design State : Fully Routed
-----------------------------------------------------------------------------------------------------------------------------------------------------------------------------------------------

Report Methodology

Table of Contents
-----------------
1. REPORT SUMMARY
2. REPORT DETAILS

1. REPORT SUMMARY
-----------------
            Netlist: netlist
          Floorplan: design_1
      Design limits: <entire design considered>
             Max checks: <unlimited>
             Checks found: 37
+-----------+------------------+-----------------------------------------------------------+--------+
| Rule      | Severity         | Description                                               | Checks |
+-----------+------------------+-----------------------------------------------------------+--------+
| TIMING-4  | Critical Warning | Invalid primary clock redefinition on a clock tree        | 1      |
| TIMING-6  | Critical Warning | No common primary clock between related clocks            | 1      |
| TIMING-7  | Critical Warning | No common node between related clocks                     | 1      |
| TIMING-14 | Critical Warning | LUT on the clock tree                                     | 1      |
| TIMING-27 | Critical Warning | Invalid primary clock on hierarchical pin                 | 1      |
| TIMING-51 | Critical Warning | No common phase between related clocks from parallel CMBs | 1      |
| LUTAR-1   | Warning          | LUT drives async reset alert                              | 3      |
| SYNTH-6   | Warning          | Timing of a RAM block might be sub-optimal                | 26     |
| TIMING-16 | Warning          | Large setup violation                                     | 1      |
| TIMING-18 | Warning          | Missing input or output delay                             | 1      |
+-----------+------------------+-----------------------------------------------------------+--------+

2. REPORT DETAILS
-----------------
TIMING-4#1 Critical Warning
Invalid primary clock redefinition on a clock tree  
Invalid clock redefinition on a clock tree. The primary clock pll/inst/clk_in1 is defined downstream of clock sys_clk_pin and overrides its insertion delay and/or waveform definition
Related violations: <none>

TIMING-6#1 Critical Warning
No common primary clock between related clocks  
The clocks clk_out1_clk_wiz_0 and sys_clk_pin are related (timed together) but they have no common primary clock. The design could fail in hardware. To find a timing path between these clocks, run the following command: report_timing -from [get_clocks clk_out1_clk_wiz_0] -to [get_clocks sys_clk_pin]
Related violations: <none>

TIMING-7#1 Critical Warning
No common node between related clocks  
The clocks clk_out1_clk_wiz_0 and sys_clk_pin are related (timed together) but they have no common node. The design could fail in hardware. To find a timing path between these clocks, run the following command: report_timing -from [get_clocks clk_out1_clk_wiz_0] -to [get_clocks sys_clk_pin]
Related violations: <none>

TIMING-14#1 Critical Warning
LUT on the clock tree  
The LUT q_reg_i_3 has been found on the clock tree. Run opt_design to optimize the clock trees, then re-run report_methodology. If LUT(s) are still present in the clock trees, modify the RTL or the synthesis options accordingly to move the clock gating logic to dedicated clock enable resources. Keep in mind that post-opt_design database cannot be used for pin-planning tasks
Related violations: <none>

TIMING-27#1 Critical Warning
Invalid primary clock on hierarchical pin  
A primary clock pll/inst/clk_in1 is created on an inappropriate internal pin pll/inst/clk_in1. It is not recommended to create a primary clock on a hierarchical pin when its driver pin has a fanout connected to multiple clock pins
Related violations: <none>

TIMING-51#1 Critical Warning
No common phase between related clocks from parallel CMBs  
The clocks clk_out1_clk_wiz_0 and sys_clk_pin are timed together but have no phase relationship. The design could fail in hardware. The clocks originate from two parallel Clock Modifying Blocks and at least one of the MMCM or PLLs clock dividers is not set to 1. To be safely timed, all MMCMs or PLLs involved in parallel clocking must have the clock divider set to 1.
Related violations: <none>

LUTAR-1#1 Warning
LUT drives async reset alert  
LUT cell CPU/dxInsn/genDFFs[2].ff/q_i_2__344, with 2 or more inputs, drives asynchronous preset/clear pin(s) CPU/MD/m0/ff/q_reg/CLR, CPU/MD/m1/ff/q_reg/CLR, CPU/MD/m2/ff/q_reg/CLR,
CPU/MD/m3/ff/q_reg/CLR, CPU/MD/m4/ff/q_reg/CLR. The LUT may glitch and trigger an unexpected reset, even if it is a properly timed path.
Related violations: <none>

LUTAR-1#2 Warning
LUT drives async reset alert  
LUT cell CPU/dxInsn/genDFFs[2].ff/q_i_2__345, with 2 or more inputs, drives asynchronous preset/clear pin(s) CPU/MD/divUnit/d0/ff/q_reg/CLR, CPU/MD/divUnit/d1/ff/q_reg/CLR,
CPU/MD/divUnit/d2/ff/q_reg/CLR, CPU/MD/divUnit/d3/ff/q_reg/CLR,
CPU/MD/divUnit/d4/ff/q_reg/CLR, CPU/MD/divUnit/d5/ff/q_reg/CLR,
CPU/MD/divUnit/divisorAbsReg/genDFFs[30].ff/q_reg/CLR,
CPU/MD/divUnit/divisorAbsReg/genDFFs[31].ff/q_reg/CLR,
CPU/MD/divUnit/divisorAbsReg/genDFFs[3].ff/q_reg/CLR,
CPU/MD/divUnit/divisorAbsReg/genDFFs[4].ff/q_reg/CLR,
CPU/MD/divUnit/divisorAbsReg/genDFFs[5].ff/q_reg/CLR,
CPU/MD/divUnit/divisorAbsReg/genDFFs[6].ff/q_reg/CLR,
CPU/MD/divUnit/divisorAbsReg/genDFFs[7].ff/q_reg/CLR,
CPU/MD/divUnit/divisorAbsReg/genDFFs[8].ff/q_reg/CLR,
CPU/MD/divUnit/divisorAbsReg/genDFFs[9].ff/q_reg/CLR
 (the first 15 of 105 listed). The LUT may glitch and trigger an unexpected reset, even if it is a properly timed path.
Related violations: <none>

LUTAR-1#3 Warning
LUT drives async reset alert  
LUT cell CPU/dxInsn/genDFFs[4].ff/q_i_2__331, with 2 or more inputs, drives asynchronous preset/clear pin(s) CPU/MD/multStateReg/genDFFs[53].ff/q_reg/CLR,
CPU/MD/multStateReg/genDFFs[54].ff/q_reg/CLR,
CPU/MD/multStateReg/genDFFs[55].ff/q_reg/CLR,
CPU/MD/multStateReg/genDFFs[56].ff/q_reg/CLR,
CPU/MD/multStateReg/genDFFs[57].ff/q_reg/CLR,
CPU/MD/multStateReg/genDFFs[58].ff/q_reg/CLR,
CPU/MD/multStateReg/genDFFs[59].ff/q_reg/CLR,
CPU/MD/multStateReg/genDFFs[5].ff/q_reg/CLR,
CPU/MD/multStateReg/genDFFs[60].ff/q_reg/CLR,
CPU/MD/multStateReg/genDFFs[61].ff/q_reg/CLR,
CPU/MD/multStateReg/genDFFs[64].ff/q_reg/CLR,
CPU/MD/multStateReg/genDFFs[6].ff/q_reg/CLR,
CPU/MD/multStateReg/genDFFs[7].ff/q_reg/CLR,
CPU/MD/multStateReg/genDFFs[8].ff/q_reg/CLR,
CPU/MD/multStateReg/genDFFs[9].ff/q_reg/CLR (the first 15 of 63 listed). The LUT may glitch and trigger an unexpected reset, even if it is a properly timed path.
Related violations: <none>

SYNTH-6#1 Warning
Timing of a RAM block might be sub-optimal  
The timing for the instance AudioCue/AudioSamples/dataOut_reg_1_0, implemented as a RAM block, might be sub-optimal as no output register was merged into the block.
Related violations: <none>

SYNTH-6#2 Warning
Timing of a RAM block might be sub-optimal  
The timing for the instance AudioCue/AudioSamples/dataOut_reg_1_1, implemented as a RAM block, might be sub-optimal as no output register was merged into the block.
Related violations: <none>

SYNTH-6#3 Warning
Timing of a RAM block might be sub-optimal  
The timing for the instance AudioCue/AudioSamples/dataOut_reg_1_2, implemented as a RAM block, might be sub-optimal as no output register was merged into the block.
Related violations: <none>

SYNTH-6#4 Warning
Timing of a RAM block might be sub-optimal  
The timing for the instance AudioCue/AudioSamples/dataOut_reg_1_3, implemented as a RAM block, might be sub-optimal as no output register was merged into the block.
Related violations: <none>

SYNTH-6#5 Warning
Timing of a RAM block might be sub-optimal  
The timing for the instance AudioCue/AudioSamples/dataOut_reg_1_4, implemented as a RAM block, might be sub-optimal as no output register was merged into the block.
Related violations: <none>

SYNTH-6#6 Warning
Timing of a RAM block might be sub-optimal  
The timing for the instance AudioCue/AudioSamples/dataOut_reg_1_5, implemented as a RAM block, might be sub-optimal as no output register was merged into the block.
Related violations: <none>

SYNTH-6#7 Warning
Timing of a RAM block might be sub-optimal  
The timing for the instance AudioCue/AudioSamples/dataOut_reg_1_6, implemented as a RAM block, might be sub-optimal as no output register was merged into the block.
Related violations: <none>

SYNTH-6#8 Warning
Timing of a RAM block might be sub-optimal  
The timing for the instance AudioCue/AudioSamples/dataOut_reg_1_7, implemented as a RAM block, might be sub-optimal as no output register was merged into the block.
Related violations: <none>

SYNTH-6#9 Warning
Timing of a RAM block might be sub-optimal  
The timing for the instance AudioCue/AudioSamples/dataOut_reg_3_0, implemented as a RAM block, might be sub-optimal as no output register was merged into the block.
Related violations: <none>

SYNTH-6#10 Warning
Timing of a RAM block might be sub-optimal  
The timing for the instance AudioCue/AudioSamples/dataOut_reg_3_1, implemented as a RAM block, might be sub-optimal as no output register was merged into the block.
Related violations: <none>

SYNTH-6#11 Warning
Timing of a RAM block might be sub-optimal  
The timing for the instance AudioCue/AudioSamples/dataOut_reg_3_2, implemented as a RAM block, might be sub-optimal as no output register was merged into the block.
Related violations: <none>

SYNTH-6#12 Warning
Timing of a RAM block might be sub-optimal  
The timing for the instance AudioCue/AudioSamples/dataOut_reg_3_3, implemented as a RAM block, might be sub-optimal as no output register was merged into the block.
Related violations: <none>

SYNTH-6#13 Warning
Timing of a RAM block might be sub-optimal  
The timing for the instance AudioCue/AudioSamples/dataOut_reg_3_4, implemented as a RAM block, might be sub-optimal as no output register was merged into the block.
Related violations: <none>

SYNTH-6#14 Warning
Timing of a RAM block might be sub-optimal  
The timing for the instance AudioCue/AudioSamples/dataOut_reg_3_5, implemented as a RAM block, might be sub-optimal as no output register was merged into the block.
Related violations: <none>

SYNTH-6#15 Warning
Timing of a RAM block might be sub-optimal  
The timing for the instance AudioCue/AudioSamples/dataOut_reg_3_6, implemented as a RAM block, might be sub-optimal as no output register was merged into the block.
Related violations: <none>

SYNTH-6#16 Warning
Timing of a RAM block might be sub-optimal  
The timing for the instance AudioCue/AudioSamples/dataOut_reg_3_7, implemented as a RAM block, might be sub-optimal as no output register was merged into the block.
Related violations: <none>

SYNTH-6#17 Warning
Timing of a RAM block might be sub-optimal  
The timing for the instance CanvasMemory/MemoryArray_reg, implemented as a RAM block, might be sub-optimal as no output register was merged into the block.
Related violations: <none>

SYNTH-6#18 Warning
Timing of a RAM block might be sub-optimal  
The timing for the instance CursorSprite/dataOut_reg, implemented as a RAM block, might be sub-optimal as no output register was merged into the block.
Related violations: <none>

SYNTH-6#19 Warning
Timing of a RAM block might be sub-optimal  
The timing for the instance InstMem/dataOut_reg_0, implemented as a RAM block, might be sub-optimal as no output register was merged into the block.
Related violations: <none>

SYNTH-6#20 Warning
Timing of a RAM block might be sub-optimal  
The timing for the instance InstMem/dataOut_reg_1, implemented as a RAM block, might be sub-optimal as no output register was merged into the block.
Related violations: <none>

SYNTH-6#21 Warning
Timing of a RAM block might be sub-optimal  
The timing for the instance InstMem/dataOut_reg_2, implemented as a RAM block, might be sub-optimal as no output register was merged into the block.
Related violations: <none>

SYNTH-6#22 Warning
Timing of a RAM block might be sub-optimal  
The timing for the instance InstMem/dataOut_reg_3, implemented as a RAM block, might be sub-optimal as no output register was merged into the block.
Related violations: <none>

SYNTH-6#23 Warning
Timing of a RAM block might be sub-optimal  
The timing for the instance ProcMem/MemoryArray_reg_0, implemented as a RAM block, might be sub-optimal as no output register was merged into the block.
Related violations: <none>

SYNTH-6#24 Warning
Timing of a RAM block might be sub-optimal  
The timing for the instance ProcMem/MemoryArray_reg_1, implemented as a RAM block, might be sub-optimal as no output register was merged into the block.
Related violations: <none>

SYNTH-6#25 Warning
Timing of a RAM block might be sub-optimal  
The timing for the instance ProcMem/MemoryArray_reg_2, implemented as a RAM block, might be sub-optimal as no output register was merged into the block.
Related violations: <none>

SYNTH-6#26 Warning
Timing of a RAM block might be sub-optimal  
The timing for the instance ProcMem/MemoryArray_reg_3, implemented as a RAM block, might be sub-optimal as no output register was merged into the block.
Related violations: <none>

TIMING-16#1 Warning
Large setup violation  
There is a large setup violation of -2.033 ns between AudioCue/playback_active_reg_replica/C (clocked by sys_clk_pin) and AudioCue/AudioPwm/signal_reg/D (clocked by sys_clk_pin). Large setup violations at the end of those stages might be difficult to fix during the post-placement implementation flow and could be the result of non-optimal XDC constraints or non-optimal design architecture
Related violations: <none>

TIMING-18#1 Warning
Missing input or output delay  
An output delay is missing on audioOut relative to the rising and/or falling clock edge(s) of sys_clk_pin.
Related violations: <none>


