Copyright 1986-2022 Xilinx, Inc. All Rights Reserved. Copyright 2022-2025 Advanced Micro Devices, Inc. All Rights Reserved.
---------------------------------------------------------------------------------------------------------------------------------------------
| Tool Version : Vivado v.2025.2 (win64) Build 6299465 Fri Nov 14 19:35:11 GMT 2025
| Date         : Sat Mar 28 01:31:32 2026
| Host         : rachelsLaptop running 64-bit major release  (build 9200)
| Command      : report_control_sets -verbose -file Wrapper_control_sets_placed.rpt
| Design       : Wrapper
| Device       : xc7a100t
---------------------------------------------------------------------------------------------------------------------------------------------

Control Set Information

Table of Contents
-----------------
1. Summary
2. Histogram
3. Flip-Flop Distribution
4. Detailed Control Set Information

1. Summary
----------

+----------------------------------------------------------+-------+
|                          Status                          | Count |
+----------------------------------------------------------+-------+
| Total control sets                                       |    44 |
|    Minimum number of control sets                        |    44 |
|    Addition due to synthesis replication                 |     0 |
|    Addition due to physical synthesis replication        |     0 |
| Unused register locations in slices containing registers |    45 |
+----------------------------------------------------------+-------+
* Control sets can be merged at opt_design using control_set_merge or merge_equivalent_drivers
** Run report_qor_suggestions for automated merging and remapping suggestions


2. Histogram
------------

+--------------------+-------+
|       Fanout       | Count |
+--------------------+-------+
| Total control sets |    44 |
| >= 0 to < 4        |     2 |
| >= 4 to < 6        |     0 |
| >= 6 to < 8        |     1 |
| >= 8 to < 10       |     0 |
| >= 10 to < 12      |     0 |
| >= 12 to < 14      |     0 |
| >= 14 to < 16      |     0 |
| >= 16              |    41 |
+--------------------+-------+
* Control sets can be remapped at either synth_design or opt_design


3. Flip-Flop Distribution
-------------------------

+--------------+-----------------------+------------------------+-----------------+--------------+
| Clock Enable | Synchronous Set/Reset | Asynchronous Set/Reset | Total Registers | Total Slices |
+--------------+-----------------------+------------------------+-----------------+--------------+
| No           | No                    | No                     |              36 |           13 |
| No           | No                    | Yes                    |             316 |          167 |
| No           | Yes                   | No                     |               0 |            0 |
| Yes          | No                    | No                     |              16 |            4 |
| Yes          | No                    | Yes                    |            1323 |          587 |
| Yes          | Yes                   | No                     |               0 |            0 |
+--------------+-----------------------+------------------------+-----------------+--------------+


4. Detailed Control Set Information
-----------------------------------

+--------------------+------------------------------------+---------------------------------------+------------------+----------------+--------------+
|    Clock Signal    |            Enable Signal           |            Set/Reset Signal           | Slice Load Count | Bel Load Count | Bels / Slice |
+--------------------+------------------------------------+---------------------------------------+------------------+----------------+--------------+
|  clock0            |                                    |                                       |                1 |              1 |         1.00 |
|  pll/inst/clk_out1 |                                    |                                       |                3 |              3 |         1.00 |
|  clock0            | CPU/dxInsn/genDFFs[29].ff/q_reg_4  | BTNU_IBUF                             |                3 |              7 |         2.33 |
|  pll/inst/clk_out1 | CPU/xmRes/genDFFs[0].ff/E[0]       |                                       |                4 |             16 |         4.00 |
| ~pll/inst/clk_out1 |                                    |                                       |                9 |             32 |         3.56 |
|  pll/inst/clk_out1 | RegisterFile/q_i_1__4_n_0          | BTNU_IBUF                             |               13 |             32 |         2.46 |
|  pll/inst/clk_out1 | CPU/pwExc/genDFFs[0].ff/q_reg_10   | BTNU_IBUF                             |               21 |             32 |         1.52 |
|  pll/inst/clk_out1 | CPU/pwExc/genDFFs[0].ff/q_reg_15   | BTNU_IBUF                             |               19 |             32 |         1.68 |
|  pll/inst/clk_out1 | CPU/pwExc/genDFFs[0].ff/q_reg_16   | BTNU_IBUF                             |               11 |             32 |         2.91 |
|  pll/inst/clk_out1 | CPU/pwExc/genDFFs[0].ff/q_reg_13   | BTNU_IBUF                             |               10 |             32 |         3.20 |
|  pll/inst/clk_out1 | CPU/pwExc/genDFFs[0].ff/q_reg_14   | BTNU_IBUF                             |               10 |             32 |         3.20 |
|  pll/inst/clk_out1 | CPU/pwExc/genDFFs[0].ff/q_reg_17   | BTNU_IBUF                             |               12 |             32 |         2.67 |
|  pll/inst/clk_out1 | CPU/pwExc/genDFFs[0].ff/q_reg_12   | BTNU_IBUF                             |               23 |             32 |         1.39 |
|  pll/inst/clk_out1 | CPU/pwExc/genDFFs[0].ff/q_reg_11   | BTNU_IBUF                             |                6 |             32 |         5.33 |
|  pll/inst/clk_out1 | CPU/pwExc/genDFFs[0].ff/q_reg_1    | BTNU_IBUF                             |                8 |             32 |         4.00 |
|  pll/inst/clk_out1 | CPU/pwExc/genDFFs[0].ff/q_reg_6    | BTNU_IBUF                             |                9 |             32 |         3.56 |
|  pll/inst/clk_out1 | CPU/pwExc/genDFFs[0].ff/q_reg_4    | BTNU_IBUF                             |               25 |             32 |         1.28 |
|  pll/inst/clk_out1 | CPU/pwExc/genDFFs[0].ff/q_reg_7    | BTNU_IBUF                             |               14 |             32 |         2.29 |
|  pll/inst/clk_out1 | CPU/pwExc/genDFFs[0].ff/q_reg_9    | BTNU_IBUF                             |               12 |             32 |         2.67 |
|  pll/inst/clk_out1 | CPU/pwExc/genDFFs[0].ff/q_reg_8    | BTNU_IBUF                             |               12 |             32 |         2.67 |
|  pll/inst/clk_out1 | CPU/pwExc/genDFFs[0].ff/q_reg_5    | BTNU_IBUF                             |               13 |             32 |         2.46 |
|  pll/inst/clk_out1 | RegisterFile/q_i_1__9_n_0          | BTNU_IBUF                             |               10 |             32 |         3.20 |
|  pll/inst/clk_out1 | RegisterFile/q_i_1__3_n_0          | BTNU_IBUF                             |               10 |             32 |         3.20 |
|  pll/inst/clk_out1 | RegisterFile/q_i_1__12_n_0         | BTNU_IBUF                             |               11 |             32 |         2.91 |
|  pll/inst/clk_out1 | RegisterFile/q_i_1__5_n_0          | BTNU_IBUF                             |               23 |             32 |         1.39 |
|  pll/inst/clk_out1 | RegisterFile/q_i_1__1_n_0          | BTNU_IBUF                             |               16 |             32 |         2.00 |
|  pll/inst/clk_out1 | RegisterFile/q_i_1__11_n_0         | BTNU_IBUF                             |               10 |             32 |         3.20 |
|  pll/inst/clk_out1 | RegisterFile/q_i_1__13_n_0         | BTNU_IBUF                             |               19 |             32 |         1.68 |
|  pll/inst/clk_out1 | RegisterFile/q_i_1_n_0             | BTNU_IBUF                             |               18 |             32 |         1.78 |
|  pll/inst/clk_out1 | RegisterFile/q_i_1__10_n_0         | BTNU_IBUF                             |               17 |             32 |         1.88 |
|  pll/inst/clk_out1 | RegisterFile/q_i_1__7_n_0          | BTNU_IBUF                             |               15 |             32 |         2.13 |
|  pll/inst/clk_out1 | RegisterFile/q_i_1__6_n_0          | BTNU_IBUF                             |                6 |             32 |         5.33 |
|  pll/inst/clk_out1 | RegisterFile/q_i_1__0_n_0          | BTNU_IBUF                             |               10 |             32 |         3.20 |
|  pll/inst/clk_out1 | RegisterFile/q_i_1__8_n_0          | BTNU_IBUF                             |                9 |             32 |         3.56 |
|  pll/inst/clk_out1 | RegisterFile/q_i_1__14_n_0         | BTNU_IBUF                             |               10 |             32 |         3.20 |
|  pll/inst/clk_out1 | RegisterFile/q_i_1__2_n_0          | BTNU_IBUF                             |               15 |             32 |         2.13 |
|  pll/inst/clk_out1 | CPU/MD/divUnit/d3/ff/q_reg_3       | CPU/mdBusy/reset0                     |               13 |             33 |         2.54 |
|  clock0            | CPU/MD/m4/ff/q_reg_0               | BTNU_IBUF                             |               18 |             33 |         1.83 |
|  pll/inst/clk_out1 |                                    | CPU/dxInsn/genDFFs[2].ff/md_start_mul |               34 |             63 |         1.85 |
|  pll/inst/clk_out1 | CPU/dxInsn/genDFFs[29].ff/md_start | BTNU_IBUF                             |               33 |             64 |         1.94 |
|  pll/inst/clk_out1 |                                    | CPU/mdBusy/reset0                     |               47 |             77 |         1.64 |
|  clock0            | CPU/fdInsn/genDFFs[31].ff/q_reg_0  | BTNU_IBUF                             |               38 |             81 |         2.13 |
|  clock0            | CPU/MD/m4/ff/dx_en                 | BTNU_IBUF                             |               65 |            113 |         1.74 |
|  clock0            |                                    | BTNU_IBUF                             |               86 |            176 |         2.05 |
+--------------------+------------------------------------+---------------------------------------+------------------+----------------+--------------+


